<?xml version="1.0" encoding="UTF-8"?>
<testng-results ignored="0" total="1" passed="1" failed="0" skipped="0">
  <reporter-output>
  </reporter-output>
  <suite started-at="2022-10-25T11:16:12 PKT" name="API Test Automation" finished-at="2022-10-25T11:16:19 PKT" duration-ms="6990">
    <groups>
      <group name="cucumber">
        <method signature="AbstractTestNGCucumberTests.runScenario(io.cucumber.testng.PickleWrapper,io.cucumber.testng.FeatureWrapper)[pri:0, instance:com.api.test.TestRunner@38cee291]" name="runScenario" class="io.cucumber.testng.AbstractTestNGCucumberTests"/>
      </group> <!-- cucumber -->
    </groups>
    <test started-at="2022-10-25T11:16:12 PKT" name="API" finished-at="2022-10-25T11:16:19 PKT" duration-ms="6990">
      <class name="com.api.test.TestRunner">
        <test-method is-config="true" signature="main()[pri:0, instance:com.api.test.TestRunner@38cee291]" started-at="2022-10-25T11:16:12 PKT" name="main" finished-at="2022-10-25T11:16:12 PKT" duration-ms="33" status="PASS">
          <reporter-output>
          </reporter-output>
        </test-method> <!-- main -->
        <test-method is-config="true" signature="setUpClass(org.testng.ITestContext)[pri:0, instance:com.api.test.TestRunner@38cee291]" started-at="2022-10-25T11:16:12 PKT" name="setUpClass" finished-at="2022-10-25T11:16:13 PKT" duration-ms="856" status="PASS">
          <params>
            <param index="0">
              <value>
                <![CDATA[org.testng.TestRunner@6501b105]]>
              </value>
            </param>
          </params>
          <reporter-output>
          </reporter-output>
        </test-method> <!-- setUpClass -->
        <test-method signature="runScenario(io.cucumber.testng.PickleWrapper,io.cucumber.testng.FeatureWrapper)[pri:0, instance:com.api.test.TestRunner@38cee291]" started-at="2022-10-25T11:16:13 PKT" name="runScenario" description="Runs Cucumber Scenarios" data-provider="scenarios" finished-at="2022-10-25T11:16:19 PKT" duration-ms="5946" status="PASS">
          <params>
            <param index="0">
              <value>
                <![CDATA["Verify that user is able to view cart"]]>
              </value>
            </param>
            <param index="1">
              <value>
                <![CDATA["View Cart Functionality"]]>
              </value>
            </param>
          </params>
          <reporter-output>
          </reporter-output>
        </test-method> <!-- runScenario -->
        <test-method is-config="true" signature="tearDownClass()[pri:0, instance:com.api.test.TestRunner@38cee291]" started-at="2022-10-25T11:16:19 PKT" name="tearDownClass" finished-at="2022-10-25T11:16:19 PKT" duration-ms="111" status="PASS">
          <reporter-output>
          </reporter-output>
        </test-method> <!-- tearDownClass -->
      </class> <!-- com.api.test.TestRunner -->
    </test> <!-- API -->
  </suite> <!-- API Test Automation -->
</testng-results>
