<?xml version="1.0" encoding="UTF-8"?>
<testsuite xmlns:xsi="http://www.w3.org/2001/XMLSchema-instance" xsi:noNamespaceSchemaLocation="https://maven.apache.org/surefire/maven-surefire-plugin/xsd/surefire-test-report-3.0.xsd" version="3.0" name="TestSuite" time="8.551" tests="1" errors="0" skipped="0" failures="0">
  <properties>
[...]
</properties>
  <testcase name="runScenario[&quot;Verify that user is able to view cart&quot;, &quot;View Cart Functionality&quot;](1)" classname="com.api.test.TestRunner" time="5.961">
    <system-out><![CDATA[running before class

@ViewItem
Scenario: Verify that user is able to view cart &amp#27;[90m# src/test/resources/Features/ViewCart.feature:4&amp#27;[0m
2022-10-25 11:16:14 INFO  ConfigManager:37 - executing getinstancemethod
2022-10-25 11:16:14 INFO  ConfigManager:23 - Loading properties files
2022-10-25 11:16:14 INFO  ConfigManager:26 - File name :C:\Users\KashifAli\API_restassured_BBD_Java_framework\src\main\resources\config.properties
2022-10-25 11:16:14 INFO  ConfigManager:28 - properties file loaded successfully
Returing value from key [baseURL] :https://api.demoblaze.com
2022-10-25 11:16:14 INFO  RestServiceLibrary:36 - RestServiceLibraryConstructor :: Setting up BaseURI & Port
2022-10-25 11:16:15 INFO  RestServiceLibrary:38 - BASE_URI :[https://api.demoblaze.com]
2022-10-25 11:16:15 INFO  ViewCart:32 - Executing viewCart Given statement
  &amp#27;[32mGiven &amp#27;[0m&amp#27;[32mUser is on demoblaze&amp#27;[0m                    &amp#27;[90m# StepDefinitions.ViewCart.user_is_on_demoblaze()&amp#27;[0m
2022-10-25 11:16:15 INFO  ViewCart:39 - Executing viewCart When block
2022-10-25 11:16:15 INFO  RestServiceLibrary:201 - <Executing httpPostMethod> 
Request method:	POST
Request URI:	https://api.demoblaze.com/viewcart
Proxy:			<none>
Request params:	<none>
Query params:	<none>
Form params:	<none>
Path params:	<none>
Headers:		Accept=application/json, application/javascript, text/javascript, text/json
				Content-Type=application/json
Cookies:		<none>
Multiparts:		<none>
Body:
{
    "cookie": "user=8672d7fe-6d1f-c700-07ca-202985bdd8ca",
    "flag": false,
    "prodId": null
}
HTTP/1.1 200 OK
Content-Type: application/json
Vary: Accept-Encoding
Content-Encoding: gzip
X-Cloud-Trace-Context: 34e2a5ddd9f932cf8573d1d8e77a052e
Date: Tue, 25 Oct 2022 06:16:19 GMT
Server: Google Frontend
Cache-Control: private
Transfer-Encoding: chunked

{
    "Items": [
        {
            "cookie": "user=8672d7fe-6d1f-c700-07ca-202985bdd8ca",
            "id": "c1e8cbd0-00fb-af01-cddb-a7d5f9680ced",
            "prod_id": 3
        }
    ]
}
2022-10-25 11:16:19 INFO  RestServiceLibrary:209 - Response :: {"Items":[{"cookie":"user=8672d7fe-6d1f-c700-07ca-202985bdd8ca","id":"c1e8cbd0-00fb-af01-cddb-a7d5f9680ced","prod_id":3}]}

2022-10-25 11:16:19 INFO  RestServiceLibrary:211 - <httpPostMethod EXECUTED SUCCESSFULLY>
  &amp#27;[32mWhen &amp#27;[0m&amp#27;[32mUser hit endpoint viewcart&amp#27;[0m               &amp#27;[90m# StepDefinitions.ViewCart.user_hit_endpoint_viewcart()&amp#27;[0m
pojoviewcartuser=8672d7fe-6d1f-c700-07ca-202985bdd8ca
  &amp#27;[32mThen &amp#27;[0m&amp#27;[32mResponse status should be &amp#27;[0m&amp#27;[32m&amp#27;[1m201&amp#27;[0m            &amp#27;[90m# StepDefinitions.ViewCart.response_status_should_be_ok(java.lang.Integer)&amp#27;[0m
]]></system-out>
    <system-err><![CDATA[SLF4J: Failed to load class "org.slf4j.impl.StaticLoggerBinder".
SLF4J: Defaulting to no-operation (NOP) logger implementation
SLF4J: See http://www.slf4j.org/codes.html#StaticLoggerBinder for further details.
]]></system-err>
  </testcase>
</testsuite>